Terminals unused in grammar

   ERROR
   NO_ELSE


Rules useless in parser due to conflicts

   59 @5: %empty


State 45 conflicts: 1 reduce/reduce
State 101 conflicts: 1 shift/reduce


Grammar

    0 $accept: program $end

    1 program: declaration_list

    2 declaration_list: declaration_list declaration
    3                 | declaration

    4 declaration: var_declaration
    5            | fun_declaration

    6 saveName: ID

    7 saveNum: NUM

    8 var_declaration: type_specifier saveName SEMI
    9                | type_specifier saveName LBRACE NUM RBRACE SEMI

   10 type_specifier: INT
   11               | VOID

   12 @1: %empty

   13 fun_declaration: type_specifier saveName @1 LPAREN params RPAREN compound_stmt

   14 params: param_list
   15       | VOID

   16 param_list: param_list COMMA param
   17           | param

   18 param: type_specifier saveName
   19      | type_specifier saveName LBRACE RBRACE

   20 compound_stmt: LCURLY local_declarations statement_list RCURLY

   21 local_declarations: local_declarations var_declaration
   22                   | %empty

   23 statement_list: statement_list statement
   24               | %empty

   25 statement: expression_stmt
   26          | compound_stmt
   27          | selection_stmt
   28          | iteration_stmt
   29          | return_stmt

   30 expression_stmt: expression SEMI
   31                | SEMI

   32 selection_stmt: IF LPAREN expression RPAREN statement
   33               | IF LPAREN expression RPAREN statement ELSE statement

   34 iteration_stmt: WHILE LPAREN expression RPAREN statement

   35 return_stmt: RETURN SEMI
   36            | RETURN expression SEMI

   37 expression: var ASSIGN expression
   38           | simple_expression

   39 var: saveName

   40 @2: %empty

   41 var: saveName @2 LBRACE expression RBRACE

   42 simple_expression: additive_expression LE additive_expression
   43                  | additive_expression LT additive_expression
   44                  | additive_expression GT additive_expression
   45                  | additive_expression GE additive_expression
   46                  | additive_expression EQ additive_expression
   47                  | additive_expression NE additive_expression
   48                  | additive_expression

   49 @3: %empty

   50 additive_expression: additive_expression PLUS term @3 additive_expression MINUS term
   51                    | term

   52 @4: %empty

   53 term: term TIMES factor @4 term OVER factor
   54     | factor

   55 factor: LPAREN expression RPAREN
   56       | var
   57       | call
   58       | saveNum

   59 @5: %empty

   60 call: saveName @5 LPAREN args RPAREN

   61 args: arg_list
   62     | %empty

   63 arg_list: arg_list COMMA expression
   64         | expression


Terminals, with rules where they appear

$end (0) 0
error (256)
IF (258) 32 33
ELSE (259) 33
WHILE (260) 34
RETURN (261) 35 36
INT (262) 10
VOID (263) 11 15
NUM (264) 7 9
ID (265) 6
ASSIGN (266) 37
LT (267) 43
LE (268) 42
GT (269) 44
GE (270) 45
EQ (271) 46
NE (272) 47
PLUS (273) 50
MINUS (274) 50
TIMES (275) 53
OVER (276) 53
LPAREN (277) 13 32 33 34 55 60
RPAREN (278) 13 32 33 34 55 60
LCURLY (279) 20
RCURLY (280) 20
LBRACE (281) 9 19 41
RBRACE (282) 9 19 41
SEMI (283) 8 9 30 31 35 36
COMMA (284) 16 63
ERROR (285)
NO_ELSE (286)


Nonterminals, with rules where they appear

$accept (32)
    on left: 0
program (33)
    on left: 1, on right: 0
declaration_list (34)
    on left: 2 3, on right: 1 2
declaration (35)
    on left: 4 5, on right: 2 3
saveName (36)
    on left: 6, on right: 8 9 13 18 19 39 41 60
saveNum (37)
    on left: 7, on right: 58
var_declaration (38)
    on left: 8 9, on right: 4 21
type_specifier (39)
    on left: 10 11, on right: 8 9 13 18 19
fun_declaration (40)
    on left: 13, on right: 5
@1 (41)
    on left: 12, on right: 13
params (42)
    on left: 14 15, on right: 13
param_list (43)
    on left: 16 17, on right: 14 16
param (44)
    on left: 18 19, on right: 16 17
compound_stmt (45)
    on left: 20, on right: 13 26
local_declarations (46)
    on left: 21 22, on right: 20 21
statement_list (47)
    on left: 23 24, on right: 20 23
statement (48)
    on left: 25 26 27 28 29, on right: 23 32 33 34
expression_stmt (49)
    on left: 30 31, on right: 25
selection_stmt (50)
    on left: 32 33, on right: 27
iteration_stmt (51)
    on left: 34, on right: 28
return_stmt (52)
    on left: 35 36, on right: 29
expression (53)
    on left: 37 38, on right: 30 32 33 34 36 37 41 55 63 64
var (54)
    on left: 39 41, on right: 37 56
@2 (55)
    on left: 40, on right: 41
simple_expression (56)
    on left: 42 43 44 45 46 47 48, on right: 38
additive_expression (57)
    on left: 50 51, on right: 42 43 44 45 46 47 48 50
@3 (58)
    on left: 49, on right: 50
term (59)
    on left: 53 54, on right: 50 51 53
@4 (60)
    on left: 52, on right: 53
factor (61)
    on left: 55 56 57 58, on right: 53 54
call (62)
    on left: 60, on right: 57
@5 (63)
    on left: 59, on right: 60
args (64)
    on left: 61 62, on right: 60
arg_list (65)
    on left: 63 64, on right: 61 63


State 0

    0 $accept: . program $end

    INT   shift, and go to state 1
    VOID  shift, and go to state 2

    program           go to state 3
    declaration_list  go to state 4
    declaration       go to state 5
    var_declaration   go to state 6
    type_specifier    go to state 7
    fun_declaration   go to state 8


State 1

   10 type_specifier: INT .

    $default  reduce using rule 10 (type_specifier)


State 2

   11 type_specifier: VOID .

    $default  reduce using rule 11 (type_specifier)


State 3

    0 $accept: program . $end

    $end  shift, and go to state 9


State 4

    1 program: declaration_list .
    2 declaration_list: declaration_list . declaration

    INT   shift, and go to state 1
    VOID  shift, and go to state 2

    $default  reduce using rule 1 (program)

    declaration      go to state 10
    var_declaration  go to state 6
    type_specifier   go to state 7
    fun_declaration  go to state 8


State 5

    3 declaration_list: declaration .

    $default  reduce using rule 3 (declaration_list)


State 6

    4 declaration: var_declaration .

    $default  reduce using rule 4 (declaration)


State 7

    8 var_declaration: type_specifier . saveName SEMI
    9                | type_specifier . saveName LBRACE NUM RBRACE SEMI
   13 fun_declaration: type_specifier . saveName @1 LPAREN params RPAREN compound_stmt

    ID  shift, and go to state 11

    saveName  go to state 12


State 8

    5 declaration: fun_declaration .

    $default  reduce using rule 5 (declaration)


State 9

    0 $accept: program $end .

    $default  accept


State 10

    2 declaration_list: declaration_list declaration .

    $default  reduce using rule 2 (declaration_list)


State 11

    6 saveName: ID .

    $default  reduce using rule 6 (saveName)


State 12

    8 var_declaration: type_specifier saveName . SEMI
    9                | type_specifier saveName . LBRACE NUM RBRACE SEMI
   13 fun_declaration: type_specifier saveName . @1 LPAREN params RPAREN compound_stmt

    LBRACE  shift, and go to state 13
    SEMI    shift, and go to state 14

    $default  reduce using rule 12 (@1)

    @1  go to state 15


State 13

    9 var_declaration: type_specifier saveName LBRACE . NUM RBRACE SEMI

    NUM  shift, and go to state 16


State 14

    8 var_declaration: type_specifier saveName SEMI .

    $default  reduce using rule 8 (var_declaration)


State 15

   13 fun_declaration: type_specifier saveName @1 . LPAREN params RPAREN compound_stmt

    LPAREN  shift, and go to state 17


State 16

    9 var_declaration: type_specifier saveName LBRACE NUM . RBRACE SEMI

    RBRACE  shift, and go to state 18


State 17

   13 fun_declaration: type_specifier saveName @1 LPAREN . params RPAREN compound_stmt

    INT   shift, and go to state 1
    VOID  shift, and go to state 19

    type_specifier  go to state 20
    params          go to state 21
    param_list      go to state 22
    param           go to state 23


State 18

    9 var_declaration: type_specifier saveName LBRACE NUM RBRACE . SEMI

    SEMI  shift, and go to state 24


State 19

   11 type_specifier: VOID .
   15 params: VOID .

    RPAREN    reduce using rule 15 (params)
    $default  reduce using rule 11 (type_specifier)


State 20

   18 param: type_specifier . saveName
   19      | type_specifier . saveName LBRACE RBRACE

    ID  shift, and go to state 11

    saveName  go to state 25


State 21

   13 fun_declaration: type_specifier saveName @1 LPAREN params . RPAREN compound_stmt

    RPAREN  shift, and go to state 26


State 22

   14 params: param_list .
   16 param_list: param_list . COMMA param

    COMMA  shift, and go to state 27

    $default  reduce using rule 14 (params)


State 23

   17 param_list: param .

    $default  reduce using rule 17 (param_list)


State 24

    9 var_declaration: type_specifier saveName LBRACE NUM RBRACE SEMI .

    $default  reduce using rule 9 (var_declaration)


State 25

   18 param: type_specifier saveName .
   19      | type_specifier saveName . LBRACE RBRACE

    LBRACE  shift, and go to state 28

    $default  reduce using rule 18 (param)


State 26

   13 fun_declaration: type_specifier saveName @1 LPAREN params RPAREN . compound_stmt

    LCURLY  shift, and go to state 29

    compound_stmt  go to state 30


State 27

   16 param_list: param_list COMMA . param

    INT   shift, and go to state 1
    VOID  shift, and go to state 2

    type_specifier  go to state 20
    param           go to state 31


State 28

   19 param: type_specifier saveName LBRACE . RBRACE

    RBRACE  shift, and go to state 32


State 29

   20 compound_stmt: LCURLY . local_declarations statement_list RCURLY

    $default  reduce using rule 22 (local_declarations)

    local_declarations  go to state 33


State 30

   13 fun_declaration: type_specifier saveName @1 LPAREN params RPAREN compound_stmt .

    $default  reduce using rule 13 (fun_declaration)


State 31

   16 param_list: param_list COMMA param .

    $default  reduce using rule 16 (param_list)


State 32

   19 param: type_specifier saveName LBRACE RBRACE .

    $default  reduce using rule 19 (param)


State 33

   20 compound_stmt: LCURLY local_declarations . statement_list RCURLY
   21 local_declarations: local_declarations . var_declaration

    INT   shift, and go to state 1
    VOID  shift, and go to state 2

    $default  reduce using rule 24 (statement_list)

    var_declaration  go to state 34
    type_specifier   go to state 35
    statement_list   go to state 36


State 34

   21 local_declarations: local_declarations var_declaration .

    $default  reduce using rule 21 (local_declarations)


State 35

    8 var_declaration: type_specifier . saveName SEMI
    9                | type_specifier . saveName LBRACE NUM RBRACE SEMI

    ID  shift, and go to state 11

    saveName  go to state 37


State 36

   20 compound_stmt: LCURLY local_declarations statement_list . RCURLY
   23 statement_list: statement_list . statement

    IF      shift, and go to state 38
    WHILE   shift, and go to state 39
    RETURN  shift, and go to state 40
    NUM     shift, and go to state 41
    ID      shift, and go to state 11
    LPAREN  shift, and go to state 42
    LCURLY  shift, and go to state 29
    RCURLY  shift, and go to state 43
    SEMI    shift, and go to state 44

    saveName             go to state 45
    saveNum              go to state 46
    compound_stmt        go to state 47
    statement            go to state 48
    expression_stmt      go to state 49
    selection_stmt       go to state 50
    iteration_stmt       go to state 51
    return_stmt          go to state 52
    expression           go to state 53
    var                  go to state 54
    simple_expression    go to state 55
    additive_expression  go to state 56
    term                 go to state 57
    factor               go to state 58
    call                 go to state 59


State 37

    8 var_declaration: type_specifier saveName . SEMI
    9                | type_specifier saveName . LBRACE NUM RBRACE SEMI

    LBRACE  shift, and go to state 13
    SEMI    shift, and go to state 14


State 38

   32 selection_stmt: IF . LPAREN expression RPAREN statement
   33               | IF . LPAREN expression RPAREN statement ELSE statement

    LPAREN  shift, and go to state 60


State 39

   34 iteration_stmt: WHILE . LPAREN expression RPAREN statement

    LPAREN  shift, and go to state 61


State 40

   35 return_stmt: RETURN . SEMI
   36            | RETURN . expression SEMI

    NUM     shift, and go to state 41
    ID      shift, and go to state 11
    LPAREN  shift, and go to state 42
    SEMI    shift, and go to state 62

    saveName             go to state 45
    saveNum              go to state 46
    expression           go to state 63
    var                  go to state 54
    simple_expression    go to state 55
    additive_expression  go to state 56
    term                 go to state 57
    factor               go to state 58
    call                 go to state 59


State 41

    7 saveNum: NUM .

    $default  reduce using rule 7 (saveNum)


State 42

   55 factor: LPAREN . expression RPAREN

    NUM     shift, and go to state 41
    ID      shift, and go to state 11
    LPAREN  shift, and go to state 42

    saveName             go to state 45
    saveNum              go to state 46
    expression           go to state 64
    var                  go to state 54
    simple_expression    go to state 55
    additive_expression  go to state 56
    term                 go to state 57
    factor               go to state 58
    call                 go to state 59


State 43

   20 compound_stmt: LCURLY local_declarations statement_list RCURLY .

    $default  reduce using rule 20 (compound_stmt)


State 44

   31 expression_stmt: SEMI .

    $default  reduce using rule 31 (expression_stmt)


State 45

   39 var: saveName .
   41    | saveName . @2 LBRACE expression RBRACE
   60 call: saveName . @5 LPAREN args RPAREN

    LPAREN    reduce using rule 39 (var)
    LPAREN    [reduce using rule 59 (@5)]
    LBRACE    reduce using rule 40 (@2)
    $default  reduce using rule 39 (var)

    @2  go to state 65
    @5  go to state 66


State 46

   58 factor: saveNum .

    $default  reduce using rule 58 (factor)


State 47

   26 statement: compound_stmt .

    $default  reduce using rule 26 (statement)


State 48

   23 statement_list: statement_list statement .

    $default  reduce using rule 23 (statement_list)


State 49

   25 statement: expression_stmt .

    $default  reduce using rule 25 (statement)


State 50

   27 statement: selection_stmt .

    $default  reduce using rule 27 (statement)


State 51

   28 statement: iteration_stmt .

    $default  reduce using rule 28 (statement)


State 52

   29 statement: return_stmt .

    $default  reduce using rule 29 (statement)


State 53

   30 expression_stmt: expression . SEMI

    SEMI  shift, and go to state 67


State 54

   37 expression: var . ASSIGN expression
   56 factor: var .

    ASSIGN  shift, and go to state 68

    $default  reduce using rule 56 (factor)


State 55

   38 expression: simple_expression .

    $default  reduce using rule 38 (expression)


State 56

   42 simple_expression: additive_expression . LE additive_expression
   43                  | additive_expression . LT additive_expression
   44                  | additive_expression . GT additive_expression
   45                  | additive_expression . GE additive_expression
   46                  | additive_expression . EQ additive_expression
   47                  | additive_expression . NE additive_expression
   48                  | additive_expression .
   50 additive_expression: additive_expression . PLUS term @3 additive_expression MINUS term

    LT    shift, and go to state 69
    LE    shift, and go to state 70
    GT    shift, and go to state 71
    GE    shift, and go to state 72
    EQ    shift, and go to state 73
    NE    shift, and go to state 74
    PLUS  shift, and go to state 75

    $default  reduce using rule 48 (simple_expression)


State 57

   51 additive_expression: term .
   53 term: term . TIMES factor @4 term OVER factor

    TIMES  shift, and go to state 76

    $default  reduce using rule 51 (additive_expression)


State 58

   54 term: factor .

    $default  reduce using rule 54 (term)


State 59

   57 factor: call .

    $default  reduce using rule 57 (factor)


State 60

   32 selection_stmt: IF LPAREN . expression RPAREN statement
   33               | IF LPAREN . expression RPAREN statement ELSE statement

    NUM     shift, and go to state 41
    ID      shift, and go to state 11
    LPAREN  shift, and go to state 42

    saveName             go to state 45
    saveNum              go to state 46
    expression           go to state 77
    var                  go to state 54
    simple_expression    go to state 55
    additive_expression  go to state 56
    term                 go to state 57
    factor               go to state 58
    call                 go to state 59


State 61

   34 iteration_stmt: WHILE LPAREN . expression RPAREN statement

    NUM     shift, and go to state 41
    ID      shift, and go to state 11
    LPAREN  shift, and go to state 42

    saveName             go to state 45
    saveNum              go to state 46
    expression           go to state 78
    var                  go to state 54
    simple_expression    go to state 55
    additive_expression  go to state 56
    term                 go to state 57
    factor               go to state 58
    call                 go to state 59


State 62

   35 return_stmt: RETURN SEMI .

    $default  reduce using rule 35 (return_stmt)


State 63

   36 return_stmt: RETURN expression . SEMI

    SEMI  shift, and go to state 79


State 64

   55 factor: LPAREN expression . RPAREN

    RPAREN  shift, and go to state 80


State 65

   41 var: saveName @2 . LBRACE expression RBRACE

    LBRACE  shift, and go to state 81


State 66

   60 call: saveName @5 . LPAREN args RPAREN

    LPAREN  shift, and go to state 82


State 67

   30 expression_stmt: expression SEMI .

    $default  reduce using rule 30 (expression_stmt)


State 68

   37 expression: var ASSIGN . expression

    NUM     shift, and go to state 41
    ID      shift, and go to state 11
    LPAREN  shift, and go to state 42

    saveName             go to state 45
    saveNum              go to state 46
    expression           go to state 83
    var                  go to state 54
    simple_expression    go to state 55
    additive_expression  go to state 56
    term                 go to state 57
    factor               go to state 58
    call                 go to state 59


State 69

   43 simple_expression: additive_expression LT . additive_expression

    NUM     shift, and go to state 41
    ID      shift, and go to state 11
    LPAREN  shift, and go to state 42

    saveName             go to state 45
    saveNum              go to state 46
    var                  go to state 84
    additive_expression  go to state 85
    term                 go to state 57
    factor               go to state 58
    call                 go to state 59


State 70

   42 simple_expression: additive_expression LE . additive_expression

    NUM     shift, and go to state 41
    ID      shift, and go to state 11
    LPAREN  shift, and go to state 42

    saveName             go to state 45
    saveNum              go to state 46
    var                  go to state 84
    additive_expression  go to state 86
    term                 go to state 57
    factor               go to state 58
    call                 go to state 59


State 71

   44 simple_expression: additive_expression GT . additive_expression

    NUM     shift, and go to state 41
    ID      shift, and go to state 11
    LPAREN  shift, and go to state 42

    saveName             go to state 45
    saveNum              go to state 46
    var                  go to state 84
    additive_expression  go to state 87
    term                 go to state 57
    factor               go to state 58
    call                 go to state 59


State 72

   45 simple_expression: additive_expression GE . additive_expression

    NUM     shift, and go to state 41
    ID      shift, and go to state 11
    LPAREN  shift, and go to state 42

    saveName             go to state 45
    saveNum              go to state 46
    var                  go to state 84
    additive_expression  go to state 88
    term                 go to state 57
    factor               go to state 58
    call                 go to state 59


State 73

   46 simple_expression: additive_expression EQ . additive_expression

    NUM     shift, and go to state 41
    ID      shift, and go to state 11
    LPAREN  shift, and go to state 42

    saveName             go to state 45
    saveNum              go to state 46
    var                  go to state 84
    additive_expression  go to state 89
    term                 go to state 57
    factor               go to state 58
    call                 go to state 59


State 74

   47 simple_expression: additive_expression NE . additive_expression

    NUM     shift, and go to state 41
    ID      shift, and go to state 11
    LPAREN  shift, and go to state 42

    saveName             go to state 45
    saveNum              go to state 46
    var                  go to state 84
    additive_expression  go to state 90
    term                 go to state 57
    factor               go to state 58
    call                 go to state 59


State 75

   50 additive_expression: additive_expression PLUS . term @3 additive_expression MINUS term

    NUM     shift, and go to state 41
    ID      shift, and go to state 11
    LPAREN  shift, and go to state 42

    saveName  go to state 45
    saveNum   go to state 46
    var       go to state 84
    term      go to state 91
    factor    go to state 58
    call      go to state 59


State 76

   53 term: term TIMES . factor @4 term OVER factor

    NUM     shift, and go to state 41
    ID      shift, and go to state 11
    LPAREN  shift, and go to state 42

    saveName  go to state 45
    saveNum   go to state 46
    var       go to state 84
    factor    go to state 92
    call      go to state 59


State 77

   32 selection_stmt: IF LPAREN expression . RPAREN statement
   33               | IF LPAREN expression . RPAREN statement ELSE statement

    RPAREN  shift, and go to state 93


State 78

   34 iteration_stmt: WHILE LPAREN expression . RPAREN statement

    RPAREN  shift, and go to state 94


State 79

   36 return_stmt: RETURN expression SEMI .

    $default  reduce using rule 36 (return_stmt)


State 80

   55 factor: LPAREN expression RPAREN .

    $default  reduce using rule 55 (factor)


State 81

   41 var: saveName @2 LBRACE . expression RBRACE

    NUM     shift, and go to state 41
    ID      shift, and go to state 11
    LPAREN  shift, and go to state 42

    saveName             go to state 45
    saveNum              go to state 46
    expression           go to state 95
    var                  go to state 54
    simple_expression    go to state 55
    additive_expression  go to state 56
    term                 go to state 57
    factor               go to state 58
    call                 go to state 59


State 82

   60 call: saveName @5 LPAREN . args RPAREN

    NUM     shift, and go to state 41
    ID      shift, and go to state 11
    LPAREN  shift, and go to state 42

    $default  reduce using rule 62 (args)

    saveName             go to state 45
    saveNum              go to state 46
    expression           go to state 96
    var                  go to state 54
    simple_expression    go to state 55
    additive_expression  go to state 56
    term                 go to state 57
    factor               go to state 58
    call                 go to state 59
    args                 go to state 97
    arg_list             go to state 98


State 83

   37 expression: var ASSIGN expression .

    $default  reduce using rule 37 (expression)


State 84

   56 factor: var .

    $default  reduce using rule 56 (factor)


State 85

   43 simple_expression: additive_expression LT additive_expression .
   50 additive_expression: additive_expression . PLUS term @3 additive_expression MINUS term

    PLUS  shift, and go to state 75

    $default  reduce using rule 43 (simple_expression)


State 86

   42 simple_expression: additive_expression LE additive_expression .
   50 additive_expression: additive_expression . PLUS term @3 additive_expression MINUS term

    PLUS  shift, and go to state 75

    $default  reduce using rule 42 (simple_expression)


State 87

   44 simple_expression: additive_expression GT additive_expression .
   50 additive_expression: additive_expression . PLUS term @3 additive_expression MINUS term

    PLUS  shift, and go to state 75

    $default  reduce using rule 44 (simple_expression)


State 88

   45 simple_expression: additive_expression GE additive_expression .
   50 additive_expression: additive_expression . PLUS term @3 additive_expression MINUS term

    PLUS  shift, and go to state 75

    $default  reduce using rule 45 (simple_expression)


State 89

   46 simple_expression: additive_expression EQ additive_expression .
   50 additive_expression: additive_expression . PLUS term @3 additive_expression MINUS term

    PLUS  shift, and go to state 75

    $default  reduce using rule 46 (simple_expression)


State 90

   47 simple_expression: additive_expression NE additive_expression .
   50 additive_expression: additive_expression . PLUS term @3 additive_expression MINUS term

    PLUS  shift, and go to state 75

    $default  reduce using rule 47 (simple_expression)


State 91

   50 additive_expression: additive_expression PLUS term . @3 additive_expression MINUS term
   53 term: term . TIMES factor @4 term OVER factor

    TIMES  shift, and go to state 76

    $default  reduce using rule 49 (@3)

    @3  go to state 99


State 92

   53 term: term TIMES factor . @4 term OVER factor

    $default  reduce using rule 52 (@4)

    @4  go to state 100


State 93

   32 selection_stmt: IF LPAREN expression RPAREN . statement
   33               | IF LPAREN expression RPAREN . statement ELSE statement

    IF      shift, and go to state 38
    WHILE   shift, and go to state 39
    RETURN  shift, and go to state 40
    NUM     shift, and go to state 41
    ID      shift, and go to state 11
    LPAREN  shift, and go to state 42
    LCURLY  shift, and go to state 29
    SEMI    shift, and go to state 44

    saveName             go to state 45
    saveNum              go to state 46
    compound_stmt        go to state 47
    statement            go to state 101
    expression_stmt      go to state 49
    selection_stmt       go to state 50
    iteration_stmt       go to state 51
    return_stmt          go to state 52
    expression           go to state 53
    var                  go to state 54
    simple_expression    go to state 55
    additive_expression  go to state 56
    term                 go to state 57
    factor               go to state 58
    call                 go to state 59


State 94

   34 iteration_stmt: WHILE LPAREN expression RPAREN . statement

    IF      shift, and go to state 38
    WHILE   shift, and go to state 39
    RETURN  shift, and go to state 40
    NUM     shift, and go to state 41
    ID      shift, and go to state 11
    LPAREN  shift, and go to state 42
    LCURLY  shift, and go to state 29
    SEMI    shift, and go to state 44

    saveName             go to state 45
    saveNum              go to state 46
    compound_stmt        go to state 47
    statement            go to state 102
    expression_stmt      go to state 49
    selection_stmt       go to state 50
    iteration_stmt       go to state 51
    return_stmt          go to state 52
    expression           go to state 53
    var                  go to state 54
    simple_expression    go to state 55
    additive_expression  go to state 56
    term                 go to state 57
    factor               go to state 58
    call                 go to state 59


State 95

   41 var: saveName @2 LBRACE expression . RBRACE

    RBRACE  shift, and go to state 103


State 96

   64 arg_list: expression .

    $default  reduce using rule 64 (arg_list)


State 97

   60 call: saveName @5 LPAREN args . RPAREN

    RPAREN  shift, and go to state 104


State 98

   61 args: arg_list .
   63 arg_list: arg_list . COMMA expression

    COMMA  shift, and go to state 105

    $default  reduce using rule 61 (args)


State 99

   50 additive_expression: additive_expression PLUS term @3 . additive_expression MINUS term

    NUM     shift, and go to state 41
    ID      shift, and go to state 11
    LPAREN  shift, and go to state 42

    saveName             go to state 45
    saveNum              go to state 46
    var                  go to state 84
    additive_expression  go to state 106
    term                 go to state 57
    factor               go to state 58
    call                 go to state 59


State 100

   53 term: term TIMES factor @4 . term OVER factor

    NUM     shift, and go to state 41
    ID      shift, and go to state 11
    LPAREN  shift, and go to state 42

    saveName  go to state 45
    saveNum   go to state 46
    var       go to state 84
    term      go to state 107
    factor    go to state 58
    call      go to state 59


State 101

   32 selection_stmt: IF LPAREN expression RPAREN statement .
   33               | IF LPAREN expression RPAREN statement . ELSE statement

    ELSE  shift, and go to state 108

    ELSE      [reduce using rule 32 (selection_stmt)]
    $default  reduce using rule 32 (selection_stmt)


State 102

   34 iteration_stmt: WHILE LPAREN expression RPAREN statement .

    $default  reduce using rule 34 (iteration_stmt)


State 103

   41 var: saveName @2 LBRACE expression RBRACE .

    $default  reduce using rule 41 (var)


State 104

   60 call: saveName @5 LPAREN args RPAREN .

    $default  reduce using rule 60 (call)


State 105

   63 arg_list: arg_list COMMA . expression

    NUM     shift, and go to state 41
    ID      shift, and go to state 11
    LPAREN  shift, and go to state 42

    saveName             go to state 45
    saveNum              go to state 46
    expression           go to state 109
    var                  go to state 54
    simple_expression    go to state 55
    additive_expression  go to state 56
    term                 go to state 57
    factor               go to state 58
    call                 go to state 59


State 106

   50 additive_expression: additive_expression . PLUS term @3 additive_expression MINUS term
   50                    | additive_expression PLUS term @3 additive_expression . MINUS term

    PLUS   shift, and go to state 75
    MINUS  shift, and go to state 110


State 107

   53 term: term . TIMES factor @4 term OVER factor
   53     | term TIMES factor @4 term . OVER factor

    TIMES  shift, and go to state 76
    OVER   shift, and go to state 111


State 108

   33 selection_stmt: IF LPAREN expression RPAREN statement ELSE . statement

    IF      shift, and go to state 38
    WHILE   shift, and go to state 39
    RETURN  shift, and go to state 40
    NUM     shift, and go to state 41
    ID      shift, and go to state 11
    LPAREN  shift, and go to state 42
    LCURLY  shift, and go to state 29
    SEMI    shift, and go to state 44

    saveName             go to state 45
    saveNum              go to state 46
    compound_stmt        go to state 47
    statement            go to state 112
    expression_stmt      go to state 49
    selection_stmt       go to state 50
    iteration_stmt       go to state 51
    return_stmt          go to state 52
    expression           go to state 53
    var                  go to state 54
    simple_expression    go to state 55
    additive_expression  go to state 56
    term                 go to state 57
    factor               go to state 58
    call                 go to state 59


State 109

   63 arg_list: arg_list COMMA expression .

    $default  reduce using rule 63 (arg_list)


State 110

   50 additive_expression: additive_expression PLUS term @3 additive_expression MINUS . term

    NUM     shift, and go to state 41
    ID      shift, and go to state 11
    LPAREN  shift, and go to state 42

    saveName  go to state 45
    saveNum   go to state 46
    var       go to state 84
    term      go to state 113
    factor    go to state 58
    call      go to state 59


State 111

   53 term: term TIMES factor @4 term OVER . factor

    NUM     shift, and go to state 41
    ID      shift, and go to state 11
    LPAREN  shift, and go to state 42

    saveName  go to state 45
    saveNum   go to state 46
    var       go to state 84
    factor    go to state 114
    call      go to state 59


State 112

   33 selection_stmt: IF LPAREN expression RPAREN statement ELSE statement .

    $default  reduce using rule 33 (selection_stmt)


State 113

   50 additive_expression: additive_expression PLUS term @3 additive_expression MINUS term .
   53 term: term . TIMES factor @4 term OVER factor

    TIMES  shift, and go to state 76

    $default  reduce using rule 50 (additive_expression)


State 114

   53 term: term TIMES factor @4 term OVER factor .

    $default  reduce using rule 53 (term)
